temperature: 34.63ºC
ROOM temperature: 29.25ºC
AVERAGE temperature: 31.94ºC
TARGET temperature: 34ºC - Heating ON





























































SERIAL PORT INITIALIZED
TEMPERATURE SENSORS INITIALIZED
RELAY PINS INITIALIZED
BOOT COMPLETE

FLOOR temperature: 34.63ºC
ROOM temperature: 29.25ºC
AVERAGE temperature: 31.94ºC
TARGET temperature: 34ºC - Heating ON

FLOOR temperature: 34.63ºC
ROOM temperature: 29.25ºC
AVERAGE temperature: 31.94ºC
TARGET temperature: 34ºC - Heating ON

FLOOR temperature: 34.81ºC
ROOM temperature: 29.25ºC
AVERAGE temperature: 32.03ºC
TARGET temperature: 34ºC - Heating ON

