ature: -127.00ºC
TARGET temperature: 34ºC - Heating ON

mperature: -127.00ºC
ROOM temperature: -127.00ºC
AVERAGE temperature: -127.00ºC
TARGET temperature: 34ºC - Heating ON

mperature: -127.00ºC
ROOM temperature: -127.00ºC
AVERAGE temperature: -127.00ºC
TARGET temperature: 34ºC - Heating ON





























































SERIAL PORT INITIALIZED
TEMPERATURE SENSORS INITIALIZED
RELAY PINS INITIALIZED
BOOT COMPLETE

ERROR: CHECK FLOOR THERMOMETER!
FLOOR temperature: -127.00ºC
ROOM temperature: -127.00ºC
AVERAGE temperature: -127.00ºC
TARGET temperature: 34ºC - Heating ON

ERROR: CHECK FLOOR THERMOMETER!
FLOOR temperature: -127.00ºC
ROOM temperature: -127.00ºC
AVERAGE temperature: -127.00ºC
TARGET temperature: 34ºC - Heating ON

ERROR: CHECK FLOOR THERMOMETER!
FLOOR temperature: -127.00ºC
ROOM temperature: -127.00ºC
AVERAGE temperature: -127.00ºC
TARGET temperature: 34ºC - Heating ON

ERROR: CHECK FLOOR THERMOMETER!
FLOOR temperature: -127.00ºC
ROOM temperature: -127.00ºC
AVERAGE temperature: -127.00ºC
TARGET temperature: 34ºC - Heating ON

ERROR: CHECK FLOOR THERMOMETER!
FLOOR temperature: -127.00ºC
ROOM temperature: -127.00ºC
AVERAGE temperature: -127.00ºC
TARGET temperature: 34ºC - Heating ON

