



























































SERIAL PORT INITIALIZED
TEMPERATURE SENSORS INITIALIZED
RELAY PINS INITIALIZED
BOOT COMPLETE

FLOOR temperature: 35.38ºC
ROOM temperature: 27.56ºC
AVERAGE temperature: 31.47ºC
TARGET temperature: 34ºC - Heating ON

FLOOR temperature: 35.63ºC
ROOM temperature: 27.44ºC
AVERAGE temperature: 31.53ºC
TARGET temperature: 34ºC - Heating ON

FLOOR temperature: 35.75ºC
ROOM temperature: 27.44ºC
AVERAGE temperature: 31.59ºC
TARGET temperature: 34ºC - Heating ON

FLOOR temperature: 35.88ºC
ROOM temperature: 27.44ºC
AVERAGE temperature: 31.66ºC
TARGET temperature: 34ºC - Heating ON

FLOOR temperature: 35.94ºC
ROOM temperature: 27.37ºC
AVERAGE temperature: 31.66ºC
TARGET temperature: 34ºC - Heating ON

FLOOR temperature: 36.00ºC
ROOM temperature: 27.37ºC
AVERAGE temperature: 31.69ºC
TARGET temperature: 34ºC - Heating ON

FLOOR temperature: 36.06ºC
ROOM temperature: 27.37ºC
AVERAGE temperature: 31.72ºC
TARGET temperature: 34ºC - Heating ON

FLOOR temperature: 36.13ºC
ROOM temperature: 27.31ºC
AVERAGE temperature: 31.72ºC
TARGET temperature: 34ºC - Heating ON

FLOOR temperature: 36.19ºC
ROOM temperature: 27.31ºC
AVERAGE temperature: 31.75ºC
TARGET temperature: 34ºC - Heating ON

FLOOR temperature: 36.25ºC
ROOM temperature: 27.31ºC
AVERAGE temperature: 31.78ºC
TARGET temperature: 34ºC - Heating ON

FLOOR temperature: 36.31ºC
ROOM temperature: 27.31ºC
AVERAGE temperature: 31.81ºC
TARGET temperature: 34ºC - Heating ON

FLOOR temperature: 36.38ºC
ROOM temperature: 27.31ºC
AVERAGE temperature: 31.84ºC
TARGET temperature: 34ºC - Heating ON

FLOOR temperature: 34.13ºC
ROOM temperature: 29.06ºC
AVERAGE temperature: 31.59ºC
TARGET temperature: 34ºC - Heating ON

FLOOR temperature: 34.31ºC
ROOM temperature: 29.00ºC
AVERAGE temperature: 31.66ºC
TARGET temperature: 34ºC - Heating ON

FLOOR temperature: 34.56ºC
ROOM temperature: 29.00ºC
AVERAGE temperature: 31.78ºC
TARGET temperature: 34ºC - Heating ON

FLOOR temperature: 34.81ºC
ROOM temperature: 29.00ºC
AVERAGE temperature: 31.91ºC
TARGET temperature: 34ºC - Heating ON

FLOOR temperature: 35.00ºC
ROOM temperature: 29.00ºC
AVERAGE temperature: 32.00ºC
TARGET temperature: 34ºC - Heating ON

FLOOR temperature: 35.25ºC
ROOM temperature: 29.00ºC
AVERAGE temperature: 32.13ºC
TARGET temperature: 34ºC - Heating ON

FLOOR temperature: 35.44ºC
ROOM temperature: 28.94ºC
AVERAGE temperature: 32.19ºC
TARGET temperature: 34ºC - Heating ON

FLOOR temperature: 35.69ºC
ROOM temperature: 28.87ºC
AVERAGE temperature: 32.28ºC
TARGET temperature: 34ºC - Heating ON

FLOOR temperature: 35.88ºC
ROOM temperature: 28.81ºC
AVERAGE temperature: 32.34ºC
TARGET temperature: 34ºC - Heating ON

FLOOR temperature: 36.06ºC
ROOM temperature: 28.69ºC
AVERAGE temperature: 32.38ºC
TARGET temperature: 34ºC - Heating ON

FLOOR temperature: 36.19ºC
ROOM temperature: 28.62ºC
AVERAGE temperature: 32.41ºC
TARGET temperature: 34ºC - Heating ON

FLOOR temperature: 36.31ºC
ROOM temperature: 28.56ºC
AVERAGE temperature: 32.44ºC
TARGET temperature: 34ºC - Heating ON

FLOOR temperature: 36.44ºC
ROOM temperature: 28.50ºC
AVERAGE temperature: 32.47ºC
TARGET temperature: 34ºC - Heating ON

FLOOR temperature: 36.50ºC
ROOM temperature: 28.50ºC
AVERAGE temperature: 32.50ºC
TARGET temperature: 34ºC - Heating ON

FLOOR temperature: 36.63ºC
ROOM temperature: 28.50ºC
AVERAGE temperature: 32.56ºC
TARGET temperature: 34ºC - Heating ON

FLOOR temperature: 36.69ºC
ROOM temperature: 28.50ºC
AVERAGE temperature: 32.59ºC
TARGET temperature: 34ºC - Heating ON

FLOOR temperature: 36.75ºC
ROOM temperature: 28.50ºC
AVERAGE temperature: 32.63ºC
TARGET temperature: 34ºC - Heating ON

FLOOR temperature: 36.63ºC
ROOM temperature: 28.69ºC
AVERAGE temperature: 32.66ºC
TARGET temperature: 34ºC - Heating ON

FLOOR temperature: 36.00ºC
ROOM temperature: 28.75ºC
AVERAGE temperature: 32.38ºC
TARGET temperature: 34ºC - Heating ON

FLOOR temperature: 35.31ºC
ROOM temperature: 28.81ºC
AVERAGE temperature: 32.06ºC
TARGET temperature: 34ºC - Heating ON

FLOOR temperature: 35.13ºC
ROOM temperature: 28.87ºC
AVERAGE temperature: 32.00ºC
TARGET temperature: 34ºC - Heating ON

FLOOR temperature: 35.06ºC
ROOM temperature: 28.94ºC
AVERAGE temperature: 32.00ºC
TARGET temperature: 34ºC - Heating ON

FLOOR temperature: 35.13ºC
ROOM temperature: 29.00ºC
AVERAGE temperature: 32.06ºC
TARGET temperature: 34ºC - Heating ON

FLOOR temperature: 34.94ºC
ROOM temperature: 29.06ºC
AVERAGE temperature: 32.00ºC
TARGET temperature: 34ºC - Heating ON

FLOOR temperature: 34.94ºC
ROOM temperature: 29.12ºC
AVERAGE temperature: 32.03ºC
TARGET temperature: 34ºC - Heating ON

FLOOR temperature: 35.13ºC
ROOM temperature: 29.19ºC
AVERAGE temperature: 32.16ºC
TARGET temperature: 34ºC - Heating ON

FLOOR temperature: 35.25ºC
ROOM temperature: 29.25ºC
AVERAGE temperature: 32.25ºC
TARGET temperature: 34ºC - Heating ON

FLOOR temperature: 35.38ºC
ROOM temperature: 29.25ºC
AVERAGE temperature: 32.31ºC
TARGET temperature: 34ºC - Heating ON

FLOOR temperature: 35.56ºC
ROOM temperature: 29.31ºC
AVERAGE temperature: 32.44ºC
TARGET temperature: 34ºC - Heating ON

FLOOR temperature: 35.81ºC
ROOM temperature: 29.37ºC
AVERAGE temperature: 32.59ºC
TARGET temperature: 34ºC - Heating ON

FLOOR temperature: 35.94ºC
ROOM temperature: 29.37ºC
AVERAGE temperature: 32.66ºC
TARGET temperature: 34ºC - Heating ON

FLOOR temperature: 36.00ºC
ROOM temperature: 29.44ºC
AVERAGE temperature: 32.72ºC
TARGET temperature: 34ºC - Heating ON

FLOOR temperature: 36.00ºC
ROOM temperature: 29.44ºC
AVERAGE temperature: 32.72ºC
TARGET temperature: 34ºC - Heating ON

FLOOR temperature: 36.00ºC
ROOM temperature: 29.50ºC
AVERAGE temperature: 32.75ºC
TARGET temperature: 34ºC - Heating ON

FLOOR temperature: 36.06ºC
ROOM temperature: 29.50ºC
AVERAGE temperature: 32.78ºC
TARGET temperature: 34ºC - Heating ON

FLOOR temperature: 36.06ºC
ROOM temperature: 29.50ºC
AVERAGE temperature: 32.78ºC
TARGET temperature: 34ºC - Heating ON

FLOOR temperature: 36.13ºC
ROOM temperature: 29.56ºC
AVERAGE temperature: 32.84ºC
TARGET temperature: 34ºC - Heating ON

FLOOR temperature: 36.19ºC
ROOM temperature: 29.56ºC
AVERAGE temperature: 32.88ºC
TARGET temperature: 34ºC - Heating ON

FLOOR temperature: 36.25ºC
ROOM temperature: 29.62ºC
AVERAGE temperature: 32.94ºC
TARGET temperature: 34ºC - Heating ON

FLOOR temperature: 36.31ºC
ROOM temperature: 29.69ºC
AVERAGE temperature: 33.00ºC
TARGET temperature: 34ºC - Heating ON

FLOOR temperature: 36.38ºC
ROOM temperature: 29.69ºC
AVERAGE temperature: 33.03ºC
TARGET temperature: 34ºC - Heating ON

FLOOR temperature: 36.44ºC
ROOM temperature: 29.69ºC
AVERAGE temperature: 33.06ºC
TARGET temperature: 34ºC - Heating ON

FLOOR temperature: 36.50ºC
ROOM temperature: 29.75ºC
AVERAGE temperature: 33.13ºC
TARGET temperature: 34ºC - Heating ON

FLOOR temperature: 36.50ºC
ROOM temperature: 29.75ºC
AVERAGE temperature: 33.13ºC
TARGET temperature: 34ºC - Heating ON

FLOOR temperature: 36.56ºC
ROOM temperature: 29.81ºC
AVERAGE temperature: 33.19ºC
TARGET temperature: 34ºC - Heating ON

FLOOR temperature: 36.69ºC
ROOM temperature: 29.81ºC
AVERAGE temperature: 33.25ºC
TARGET temperature: 34ºC - Heating ON

FLOOR temperature: 36.69ºC
ROOM temperature: 29.81ºC
AVERAGE temperature: 33.25ºC
TARGET temperature: 34ºC - Heating ON

FLOOR temperature: 36.75ºC
ROOM temperature: 29.87ºC
AVERAGE temperature: 33.31ºC
TARGET temperature: 34ºC - Heating ON

FLOOR temperature: 36.75ºC
ROOM temperature: 29.87ºC
AVERAGE temperature: 33.31ºC
TARGET temperature: 34ºC - Heating ON

FLOOR temperature: 36.75ºC
ROOM temperature: 29.87ºC
AVERAGE temperature: 33.31ºC
TARGET temperature: 34ºC - Heating ON

FLOOR temperature: 36.88ºC
ROOM temperature: 29.87ºC
AVERAGE temperature: 33.38ºC
TARGET temperature: 34ºC - Heating ON

FLOOR temperature: 37.00ºC
ROOM temperature: 29.87ºC
AVERAGE temperature: 33.44ºC
TARGET temperature: 34ºC - Heating ON

FLOOR temperature: 37.13ºC
ROOM temperature: 29.94ºC
AVERAGE temperature: 33.53ºC
TARGET temperature: 34ºC - Heating ON

FLOOR temperature: 37.19ºC
ROOM temperature: 29.94ºC
AVERAGE temperature: 33.56ºC
TARGET temperature: 34ºC - Heating ON

FLOOR temperature: 37.25ºC
ROOM temperature: 29.94ºC
AVERAGE temperature: 33.59ºC
TARGET temperature: 34ºC - Heating ON

FLOOR temperature: 37.38ºC
ROOM temperature: 29.94ºC
AVERAGE temperature: 33.66ºC
TARGET temperature: 34ºC - Heating ON

FLOOR temperature: 37.38ºC
ROOM temperature: 29.94ºC
AVERAGE temperature: 33.66ºC
TARGET temperature: 34ºC - Heating ON

FLOOR temperature: 37.44ºC
ROOM temperature: 29.94ºC
AVERAGE temperature: 33.69ºC
TARGET temperature: 34ºC - Heating ON

FLOOR temperature: 37.50ºC
ROOM temperature: 29.94ºC
AVERAGE temperature: 33.72ºC
TARGET temperature: 34ºC - Heating ON

FLOOR temperature: 37.56ºC
ROOM temperature: 29.94ºC
AVERAGE temperature: 33.75ºC
TARGET temperature: 34ºC - Heating ON

FLOOR temperature: 37.69ºC
ROOM temperature: 29.94ºC
AVERAGE temperature: 33.81ºC
TARGET temperature: 34ºC - Heating ON

FLOOR temperature: 37.75ºC
ROOM temperature: 29.94ºC
AVERAGE temperature: 33.84ºC
TARGET temperature: 34ºC - Heating ON

FLOOR temperature: 37.75ºC
ROOM temperature: 29.94ºC
AVERAGE temperature: 33.84ºC
TARGET temperature: 34ºC - Heating ON

FLOOR temperature: 37.81ºC
ROOM temperature: 29.94ºC
AVERAGE temperature: 33.88ºC
TARGET temperature: 34ºC - Heating ON

FLOOR temperature: 37.88ºC
ROOM temperature: 29.94ºC
AVERAGE temperature: 33.91ºC
TARGET temperature: 34ºC - Heating ON

FLOOR temperature: 37.94ºC
ROOM temperature: 29.94ºC
AVERAGE temperature: 33.94ºC
TARGET temperature: 34ºC - Heating ON

FLOOR temperature: 38.00ºC
ROOM temperature: 29.94ºC
AVERAGE temperature: 33.97ºC
TARGET temperature: 34ºC - Heating ON

FLOOR temperature: 38.06ºC
ROOM temperature: 29.94ºC
AVERAGE temperature: 34.00ºC
TARGET temperature: 34ºC - Heating OFF

FLOOR temperature: 38.00ºC
ROOM temperature: 29.94ºC
AVERAGE temperature: 33.97ºC
TARGET temperature: 34ºC - Heating ON

FLOOR temperature: 37.94ºC
ROOM temperature: 30.06ºC
AVERAGE temperature: 34.00ºC
TARGET temperature: 34ºC - Heating OFF

FLOOR temperature: 37.94ºC
ROOM temperature: 30.06ºC
AVERAGE temperature: 34.00ºC
TARGET temperature: 34ºC - Heating OFF

FLOOR temperature: 37.88ºC
ROOM temperature: 30.06ºC
AVERAGE temperature: 33.97ºC
TARGET temperature: 34ºC - Heating ON

FLOOR temperature: 37.81ºC
ROOM temperature: 30.06ºC
AVERAGE temperature: 33.94ºC
TARGET temperature: 34ºC - Heating ON

