



























































SERIAL PORT INITIALIZED
TEMPERATURE SENSORS INITIALIZED
RELAY PINS INITIALIZED
BOOT COMPLETE

34.25
34.25
34.25
34.25
34.25
34.25
34.25
34.25
34.25
34.25
34.25
34.25
34.25
34.25
34.25
34.25
34.25
34.31
34.31
34.25
34.25
34.25
34.25
34.31
34.31
34.31
34.31
34.31
34.31
34.31
34.31
34.31
34.31
34.31
34.31
34.31
34.31
34.31
34.31
34.31
34.31
34.31
34.31
34.31
34.31
34.31
34.31
34.31
34.31
34.31
34.31
34.31
34.31
34.31
34.31
34.31
34.31
34.31
34.31
34.31
34.38
34.31
34.31
34.38
34.38
34.38
34.38
34.38
34.38
34.31
34.38
34.38
34.38
34.38
34.38
34.38
34.38
34.38
34.38
34.38
34.38
34.38
34.38
34.38
34.38
34.38
34.38
34.38
34.38
34.38
34.38
34.38
34.38
34.38
34.38
34.38
34.38
34.38
34.38
34.38
34.38
34.38
34.38
34.38
34.38
34.38
34.44
34.44
34.44
34.44
34.44
34.44
34.44
34.44
34.44
34.44
34.44
34.44
34.44
34.44
34.44
34.44
34.44
34.44
34.44
34.44
34.44
34.44
34.44
34.44
34.44
34.44
34.44
34.44
34.44
34.44
34.44
34.44
34.44
34.44
34.44
34.44
34.44
34.44
34.44
34.44
34.44
34.44
34.44
34.44
34.44
34.44
34.44
34.44
34.44
34.44
34.50
34.44
34.44
34.44
34.44
34.44
34.44
34.44
34.44
34.44
34.50
34.50
34.44
34.50
34.44
34.44
34.44
34.50
34.50
34.50
34.50
34.50
34.50
34.50
34.50
34.50
34.50
34.50
34.50
34.50
34.50
34.50
34.50
34.50
34.50
34.50
34.50
34.50
34.50
34.50
34.50
34.50
34.50
34.50
34.50
34.50
34.50
34.50
34.50
34.50
34.50
34.50
34.50
34.50
34.50
34.50
34.50
34.50
34.50
34.50
34.50
34.56
34.56
34.56
34.56
34.56
34.56
34.56
34.56
34.56
34.50
34.50
34.38
34.38
34.31
34.25
34.25
34.19
34.19
34.13
34.06
34.06
34.00
34.00
33.94
33.88
33.88
33.81
33.81
33.75
33.75
33.69
33.69
33.63
33.56
33.56
33.56
33.50
33.44
33.44
33.38
33.38
33.31
33.31
33.25
33.25
33.19
33.19
33.13
33.13
33.06
33.06
33.06
33.00
33.00
32.94
32.94
32.88
32.88
32.88
32.81
32.81
32.75
32.75
32.75
32.69
32.69
32.63
32.63
32.63
32.56
32.56
32.50
32.50
32.50
32.50
32.44
32.44
32.38
32.38
32.38
32.38
32.31
32.31
32.31
32.25
32.25
32.25
32.25
32.19
32.19
32.19
32.19
32.13
32.13
32.13
32.13
32.06
32.06
32.06
32.06
32.00
32.00
32.00
32.00
32.00
31.94
31.94
31.94
31.94
31.94
31.87
31.87
31.87
31.87
31.87
31.87
31.81
31.81
31.81
31.81
31.81
31.81
31.75
31.75
31.75
31.75
31.75
31.75
31.75
31.69
31.69
31.69
31.69
31.69
31.69
31.62
31.62
31.62
31.62
31.62
31.62
31.62
31.62
31.62
31.56
31.56
31.56
31.56
31.56
31.56
31.56
31.56
31.56
31.50
31.50
31.50
31.50
31.50
31.50
31.50
31.50
31.50
31.50
31.50
31.44
31.50
31.44
31.44
31.44
31.44
31.44
31.44
31.44
31.44
31.44
31.44
31.44
31.44
31.44
31.37
31.37
31.37
31.37
31.37
31.37
31.37
31.37
31.37
31.37
31.37
31.37
31.37
31.37
31.37
31.37
31.37
31.37
31.31
31.31
