



























































SERIAL PORT INITIALIZED
TEMPERATURE SENSORS INITIALIZED
RELAY PINS INITIALIZED
BOOT COMPLETE

31.94
31.87
31.87
31.87
31.87
31.87
31.87
31.94
31.94
32.00
32.00
32.00
32.00
32.00
32.00
31.94
31.94
31.87
31.81
31.81
31.75
31.69
31.62
31.62
31.56
31.50
31.50
31.44
31.44
31.37
31.37
31.31
31.31
31.25
31.25
31.25
31.19
31.19
31.06
31.00
30.94
30.81
30.75
30.69
30.56
30.50
30.56
30.69
30.75
30.87
30.94
31.00
31.06
31.12
31.19
31.25
31.31
31.37
31.37
31.44
31.44
31.50
31.50
31.50
31.50
31.50
31.50
31.50
31.50
31.50
31.50
31.50
31.50
31.50
31.44
31.44
31.44
31.44
31.44
31.44
31.44
31.37
31.37
31.37
31.37
31.37
31.37
31.37
31.37
31.37
31.37
31.37
31.37
31.31
31.31
31.31
31.31
31.31
31.31
31.25
31.25
31.31
31.37
31.44
31.50
31.56
31.75
31.87
32.06
32.25
32.44
32.63
32.75
32.88
32.94
32.94
33.00
32.94
32.94
32.94
32.94
32.88
32.88
32.88
32.81
32.81
32.81
32.81
32.81
32.81
32.88
33.00
33.13
33.38
33.69
34.00
34.44
34.88
35.31
35.75
36.19
36.56
36.94
37.31
37.63
37.81
37.94
38.00
38.06
38.00
38.00
37.94
37.88
37.81
37.75
37.69
37.56
37.50
37.38
37.31
37.19
37.13
37.00
36.94
36.81
36.75
36.63
36.56
36.50
36.38
36.31
36.25
36.19
36.06
36.00
35.94
35.88
35.81
35.75
35.63
35.56
35.50
35.44
35.38
35.31
35.25
35.19
35.19
35.13
35.06
35.00
34.94
34.88
34.56
34.06
34.00
34.00
34.00
33.94
33.94
33.94
34.00
34.06
34.06
34.19
34.25
34.31
34.38
34.44
34.56
34.63
34.75
34.81
34.88
35.06
35.13
35.19
35.31
35.44
35.50
35.63
35.69
35.75
35.81
35.94
35.94
36.00
36.06
36.19
36.19
36.25
36.31
36.38
36.38
36.44
36.50
36.50
36.50
36.56
36.63
36.63
36.63
36.69
36.75
36.75
36.88
36.88
36.94
37.00
37.00
37.06
37.06
37.00
37.06
37.13
37.19
37.19
37.19
37.25
37.25
37.25
37.31
37.31
37.38
37.31
37.38
37.38
37.38
37.44
37.44
37.50
37.56
37.56
37.56
37.50
37.56
37.56
37.63
37.63
37.63
37.56
37.63
37.63
37.69
37.69
37.56
37.56
37.69
37.69
37.69
37.81
37.75
37.63
37.50
37.38
37.31
37.19
37.06
36.94
36.88
36.75
36.69
36.56
36.50
36.44
36.44
36.38
36.31
36.31
36.25
36.25
36.25
36.25
36.38
36.44
36.56
36.63
36.69
36.69
36.44
36.38
36.38
36.38
36.31
36.38
36.31
36.19
36.06
35.75
35.75
35.69
35.56
35.63
35.69
35.56
35.69
35.69
35.69
35.69
35.69
35.75
35.88
35.94
36.00
36.13
36.19
36.38
36.56
36.75
36.94
37.06
37.19
37.25
37.38
37.50
37.56
37.63
37.69
37.75
37.81
37.88
37.94
38.00
38.00
38.06
38.06
38.13
38.19
38.19
38.19
38.25
38.25
38.25
38.31
38.31
38.31
38.38
38.38
38.25
38.00
37.81
37.69
37.56
37.44
37.44
37.56
37.69
37.81
37.94
38.06
38.19
38.25
38.31
38.44
38.44
38.56
38.56
38.63
38.69
38.75
38.81
38.81
38.88
38.88
38.94
39.00
38.81
38.69
38.63
38.56
38.44
38.25
38.06
38.06
38.00
37.88
37.56
37.31
37.13
36.81
36.56
36.19
35.69
35.31
34.94
34.56
34.31
34.00
33.75
33.56
33.56
33.63
33.31
32.94
32.63
33.38
33.88
33.81
33.69
33.75
33.69
33.69
33.94
32.44
31.25
30.56
30.00
29.50
29.12
28.81
28.56
29.25
30.37
31.50
32.56
33.44
34.44
35.25
36.06
36.75
37.38
38.00
38.56
39.00
37.38
37.50
37.38
36.56
36.19
35.94
35.69
35.44
35.25
34.69
34.44
34.44
34.50
34.56
34.50
34.56
34.63
34.69
34.69
34.75
34.81
34.88
34.94
35.00
35.06
35.13
35.19
35.25
35.31
35.38
35.44
35.50
35.56
35.63
35.69
35.81
35.81
35.88
35.94
36.00
36.06
36.06
36.06
36.06
36.06
36.13
36.25
36.38
36.50
36.50
36.44
36.56
36.63
36.63
36.50
36.44
36.44
36.38
36.31
36.31
36.38
36.31
36.38
36.50
36.63
36.69
36.75
36.81
36.94
37.00
37.00
36.94
36.94
37.00
37.00
37.06
37.06
37.13
37.19
37.19
37.25
37.31
37.38
37.38
37.25
37.25
37.19
37.19
37.25
37.19
37.19
37.13
37.13
37.06
37.00
37.00
37.00
36.94
36.88
36.75
36.63
36.56
36.44
36.38
36.31
36.31
36.25
36.50
36.56
36.56
36.50
36.44
36.38
36.31
36.31
36.25
36.25
36.25
36.19
36.19
36.25
36.25
36.25
36.19
36.19
36.19
36.19
36.19
36.19
36.19
36.13
36.13
36.13
36.06
36.06
36.06
36.00
36.00
35.94
35.94
35.88
35.88
35.88
35.88
35.88
36.00
36.06
36.13
36.19
36.25
36.31
36.50
36.69
36.94
37.06
37.25
37.25
37.00
36.63
36.25
35.88
35.56
35.19
34.94
34.69
34.50
34.38
34.31
34.13
34.13
34.19
34.19
34.25
34.44
34.63
34.75
34.94
35.06
35.13
35.19
35.25
35.31
35.31
35.38
35.38
35.44
35.50
35.63
35.69
35.81
35.88
35.88
35.88
35.94
35.94
36.00
36.00
36.06
36.06
36.13
36.19
36.19
36.25
36.31
36.38
36.38
36.44
36.44
36.44
36.50
36.50
36.50
36.56
36.63
36.69
36.69
36.75
36.56
36.50
36.50
36.50
36.44
36.38
36.38
36.38
36.38
36.38
36.44
36.50
36.56
36.63
36.69
36.75
36.75
36.81
36.88
36.94
36.94
36.94
36.94
36.94
37.00
37.00
37.00
37.00
37.00
37.00
37.06
37.00
37.06
37.06
37.06
37.06
37.06
37.06
37.06
37.06
37.06
37.06
37.06
37.06
37.06
37.13
37.13
37.19
37.25
37.25
37.19
37.19
37.19
37.19
37.13
37.19
37.19
37.13
37.13
37.19
37.19
37.13
37.13
37.13
37.13
37.13
37.06
37.06
37.06
37.00
37.00
37.00
37.00
37.00
37.00
37.00
37.00
37.00
37.00
37.06
37.06
37.06
37.06
37.06
37.13
37.13
37.19
37.19
37.25
37.25
37.25
37.31
37.31
37.31
37.38
37.38
37.38
37.38
37.38
37.38
37.38
37.31
37.31
37.31
37.31
37.38
37.31
37.31
37.31
37.25
37.25
37.25
37.31
37.25
37.25
37.25
37.25
37.25
37.25
37.25
37.25
37.25
37.25
37.19
37.19
37.19
37.19
37.19
37.19
37.13
37.06
37.00
36.94
36.88
36.75
36.69
36.69
36.56
36.50
36.44
36.44
36.44
36.44
36.44
36.44
36.44
36.44
36.38
36.44
36.44
36.44
36.44
36.50
36.50
36.56
36.56
36.56
36.56
36.50
36.50
36.50
36.31
35.75
35.19
34.69
34.31
33.94
33.56
33.31
33.00
33.38
34.44
35.00
35.44
35.75
36.00
36.25
36.50
36.63
36.75
36.88
36.94
37.06
37.13
37.19
37.25
37.31
37.38
37.44
37.50
37.56
37.63
37.63
37.69
37.75
37.81
37.88
37.94
37.94
37.94
38.00
38.00
38.06
38.06
38.06
38.06
38.06
38.06
37.56
37.50
37.69
37.44
37.25
37.19
37.25
37.13
37.06
37.13
37.06
37.06
37.13
37.13
37.06
37.19
37.19
37.25
37.38
37.50
37.50
37.50
37.56
37.75
37.81
37.75
37.50
37.44
37.56
37.44
37.56
37.69
37.50
37.44
37.50
37.56
37.56
37.44
37.38
37.56
37.63
37.38
37.50
37.56
37.63
37.81
37.88
37.94
38.00
38.00
37.81
37.75
37.81
37.88
37.88
37.75
37.81
37.88
37.88
37.81
37.88
37.81
37.75
37.63
37.50
37.25
37.38
37.44
37.44
37.44
37.50
37.50
37.50
37.50
37.50
37.56
37.56
37.56
37.63
37.63
37.69
37.69
37.75
37.81
37.81
37.88
37.88
37.94
38.00
38.00
38.06
38.06
38.13
38.13
38.13
38.19
38.19
38.19
38.19
38.19
38.19
38.13
38.06
38.06
38.06
38.06
38.00
38.00
38.00
38.00
38.00
38.00
38.06
38.06
38.06
38.06
38.13
38.13
38.13
38.25
38.31
38.44
38.56
38.69
38.75
38.88
38.94
38.94
39.00
39.00
39.06
39.06
39.06
39.06
39.13
39.13
39.13
39.19
39.19
39.13
39.13
39.06
39.06
39.06
39.00
39.00
38.94
38.88
38.88
38.88
38.81
38.81
38.75
38.75
38.75
38.75
38.69
38.69
38.69
38.69
38.69
38.63
38.63
38.56
38.56
38.63
38.69
38.69
38.69
38.69
38.75
38.69
38.69
38.69
38.69
38.69
38.69
38.69
38.69
38.69
38.69
38.69
38.69
38.69
38.69
38.69
38.69
38.69
38.50
38.19
37.88
37.50
37.19
36.88
36.56
36.31
36.13
35.94
35.75
35.56
35.44
35.31
35.19
35.06
34.44
34.44
34.75
34.94
35.25
35.25
35.31
35.38
35.38
35.38
35.25
35.06
34.88
34.75
34.38
34.13
34.00
34.00
34.06
34.06
34.13
34.25
34.38
34.44
34.50
34.56
34.63
34.69
34.75
34.75
34.81
34.88
34.88
34.94
34.94
35.00
35.00
35.06
35.06
35.06
35.13
35.13
35.13
35.13
35.13
35.19
35.19
35.19
35.19
35.25
35.25
35.25
35.25
35.25
35.25
35.25
35.25
35.25
35.25
35.25
35.31
35.25
35.25
35.25
35.25
35.25
35.19
35.19
35.19
35.19
35.19
35.19
35.19
35.19
35.25
35.25
35.31
35.31
35.38
35.38
35.44
35.50
35.50
35.63
35.88
36.06
36.31
36.56
36.69
36.88
37.06
37.19
37.38
37.44
37.56
37.69
37.75
37.88
37.94
38.00
38.00
38.13
38.13
38.19
38.25
38.25
38.31
38.31
38.38
38.38
38.38
38.38
38.19
37.94
37.81
37.75
37.75
37.69
37.69
37.63
37.63
37.56
37.44
37.38
37.38
37.38
37.38
37.44
37.38
37.38
37.38
37.38
37.38
37.38
37.38
37.44
37.44
37.38
37.38
37.44
37.44
37.44
37.44
37.44
37.44
37.44
37.50
37.50
37.56
37.63
37.81
38.06
38.19
38.25
38.31
38.25
38.19
38.13
38.13
38.06
37.50
37.06
37.19
37.31
37.06
36.75
36.50
36.25
36.19
36.19
36.31
36.38
36.44
36.56
36.50
36.31
36.06
36.00
35.81
35.63
35.44
35.31
35.19
35.06
34.63
34.75
34.88
35.06
35.25
35.44
35.56
35.81
35.94
36.06
36.06
36.06
36.13
36.19
36.38
36.56
36.69
36.81
36.94
37.06
37.19
37.31
37.38
37.50
37.56
37.56
37.38
37.31
37.38
37.50
37.56
37.69
37.75
37.88
37.88
37.94
38.00
38.06
38.06
38.13
38.13
38.19
38.19
38.25
38.25
38.31
38.38
38.44
38.44
38.50
38.50
38.50
38.56
38.56
38.56
38.63
38.63
38.63
38.69
38.69
38.69
38.75
38.75
38.75
38.75
38.81
38.81
38.88
38.88
38.88
38.88
38.94
38.94
38.94
38.94
39.00
39.00
39.00
39.00
38.94
39.00
39.00
39.00
39.00
39.00
39.00
39.00
39.00
38.94
38.94
38.94
38.94
38.94
38.94
38.88
38.88
38.88
38.88
38.88
38.88
38.88
38.69
38.94
38.94
38.88
38.75
38.63
38.50
38.44
38.38
38.31
38.25
38.25
38.25
38.19
38.13
38.06
38.06
37.94
38.00
37.94
37.81
37.81
37.81
37.81
37.69
37.50
37.25
37.00
36.88
36.69
36.69
36.63
36.56
36.69
36.75
37.00
37.06
36.94
36.69
36.19
35.88
35.56
35.31
35.06
34.88
34.75
34.63
34.44
34.38
34.25
34.13
34.00
33.56
33.63
33.81
33.94
34.06
34.31
34.38
34.31
34.44
34.88
35.13
35.31
35.50
35.63
35.81
35.88
35.81
35.94
36.06
35.69
35.50
35.44
35.44
35.56
35.63
35.44
