



























































SERIAL PORT INITIALIZED
TEMPERATURE SENSORS INITIALIZED
RELAY PINS INITIALIZED
BOOT COMPLETE

ERROR: BAD ROOM THERMOMETER!
FLOOR temperature: 31.75ºC
ROOM temperature: -127.00ºC
AVERAGE temperature: 31.75ºC
Target temperature: 34ºC - Heating ON

ERROR: BAD ROOM THERMOMETER!
FLOOR temperature: 31.69ºC
ROOM temperature: -127.00ºC
AVERAGE temperature: 31.69ºC
Target temperature: 34ºC - Heating ON

ERROR: BAD ROOM THERMOMETER!
FLOOR temperature: 31.69ºC
ROOM temperature: -127.00ºC
AVERAGE temperature: 31.69ºC
Target temperature: 34ºC - Heating ON

ERROR: BAD ROOM THERMOMETER!
FLOOR temperature: 31.94ºC
ROOM temperature: -127.00ºC
AVERAGE temperature: 31.94ºC
Target temperature: 34ºC - Heating ON

ERROR: BAD ROOM THERMOMETER!
FLOOR temperature: 32.13ºC
ROOM temperature: -127.00ºC
AVERAGE temperature: 32.13ºC
Target temperature: 34ºC - Heating ON

ERROR: BAD ROOM THERMOMETER!
FLOOR temperature: 32.00ºC
ROOM temperature: -127.00ºC
AVERAGE temperature: 32.00ºC
Target temperature: 34ºC - Heating ON

ERROR: BAD ROOM THERMOMETER!
FLOOR temperature: 32.25ºC
ROOM temperature: -127.00ºC
AVERAGE temperature: 32.25ºC
Target temperature: 34ºC - Heating ON

ERROR: BAD ROOM THERMOMETER!
FLOOR temperature: 32.31ºC
ROOM temperature: -127.00ºC
AVERAGE temperature: 32.31ºC
Target temperature: 34ºC - Heating ON

ERROR: BAD ROOM THERMOMETER!
FLOOR temperature: 32.44ºC
ROOM temperature: -127.00ºC
AVERAGE temperature: 32.44ºC
Target temperature: 34ºC - Heating ON

ERROR: BAD ROOM THERMOMETER!
FLOOR temperature: 32.69ºC
ROOM temperature: -127.00ºC
AVERAGE temperature: 32.69ºC
Target temperature: 34ºC - Heating ON

ERROR: BAD ROOM THERMOMETER!
FLOOR temperature: 32.88ºC
ROOM temperature: -127.00ºC
AVERAGE temperature: 32.88ºC
Target temperature: 34ºC - Heating ON

ERROR: BAD ROOM THERMOMETER!
FLOOR temperature: 33.00ºC
ROOM temperature: -127.00ºC
AVERAGE temperature: 33.00ºC
Target temperature: 34ºC - Heating ON

ERROR: BAD ROOM THERMOMETER!
FLOOR temperature: 33.19ºC
ROOM temperature: -127.00ºC
AVERAGE temperature: 33.19ºC
Target temperature: 34ºC - Heating ON

ERROR: BAD ROOM THERMOMETER!
FLOOR temperature: 33.38ºC
ROOM temperature: -127.00ºC
AVERAGE temperature: 33.38ºC
Target temperature: 34ºC - Heating ON

ERROR: BAD ROOM THERMOMETER!
FLOOR temperature: 34.06ºC
ROOM temperature: -127.00ºC
AVERAGE temperature: 34.06ºC
Target temperature: 34ºC - Heating OFF

ERROR: BAD ROOM THERMOMETER!
FLOOR temperature: 34.31ºC
ROOM temperature: -127.00ºC
AVERAGE temperature: 34.31ºC
Target temperature: 34ºC - Heating OFF

ERROR: BAD ROOM THERMOMETER!
FLOOR temperature: 34.69ºC
ROOM temperature: -127.00ºC
AVERAGE temperature: 34.69ºC
Target temperature: 34ºC - Heating OFF

ERROR: BAD ROOM THERMOMETER!
FLOOR temperature: 34.81ºC
ROOM temperature: -127.00ºC
AVERAGE temperature: 34.81ºC
Target temperature: 34ºC - Heating OFF

ERROR: BAD ROOM THERMOMETER!
FLOOR temperature: 35.06ºC
ROOM temperature: -127.00ºC
AVERAGE temperature: 35.06ºC
Target temperature: 34ºC - Heating OFF

ERROR: BAD ROOM THERMOMETER!
FLOOR temperature: 35.19ºC
ROOM temperature: -127.00ºC
AVERAGE temperature: 35.19ºC
Target temperature: 34ºC - Heating OFF

