



























































SERIAL PORT INITIALIZED
TEMPERATURE SENSORS INITIALIZED
RELAY PINS INITIALIZED
BOOT COMPLETE

37.69
37.44
37.25
36.94
36.69
36.44
36.25
36.06
35.88
35.69
35.50
35.38
35.19
35.06
34.94
34.94
35.06
35.06
35.19
35.44
35.63
35.81
35.88
35.81
35.81
35.81
35.81
35.63
35.50
35.44
35.56
35.69
35.75
35.69
35.69
35.69
35.69
35.63
35.56
35.56
35.56
35.56
35.56
35.69
35.75
35.81
35.81
35.81
35.63
35.38
35.25
35.44
35.50
35.50
35.38
35.06
34.81
34.56
34.44
34.25
34.13
34.00
33.88
33.75
33.63
33.50
33.44
33.31
33.25
33.19
33.13
33.06
33.00
32.94
32.88
32.88
32.81
32.75
32.69
32.69
32.63
32.81
32.81
33.31
33.63
33.44
33.31
33.19
33.13
33.25
33.19
33.13
33.13
33.13
32.75
32.38
32.88
33.63
33.69
33.13
33.56
32.94
32.44
32.06
31.87
31.69
31.50
31.37
31.25
31.06
30.81
30.62
30.50
30.37
30.25
30.12
31.25
30.81
30.62
30.50
30.94
30.94
30.87
30.56
30.62
31.25
31.25
31.56
31.81
32.06
32.38
32.69
32.94
33.13
33.38
33.56
33.75
33.94
34.06
34.25
34.44
34.63
34.69
34.81
34.94
35.00
35.13
35.19
35.31
35.38
35.44
35.50
35.56
35.63
35.63
35.69
35.75
35.81
35.94
36.00
36.06
36.06
36.13
36.19
36.25
36.31
36.31
36.38
36.44
36.44
36.50
36.56
36.56
36.63
36.63
36.69
36.75
36.75
36.81
36.81
36.88
36.88
36.88
36.94
36.94
37.00
37.00
37.00
37.06
37.06
37.06
37.13
37.13
37.13
37.19
37.19
37.19
37.25
37.25
37.25
37.31
37.31
37.31
37.38
37.38
37.38
37.38
37.44
37.44
37.44
37.44
37.50
37.50
37.50
37.50
37.56
37.56
37.56
37.63
37.69
37.69
37.75
37.81
37.88
37.88
37.88
37.88
37.81
37.69
37.63
37.56
37.50
37.31
37.00
36.31
36.13
35.94
35.88
35.88
35.88
35.81
35.69
35.69
35.44
35.00
34.63
34.31
34.06
33.88
33.75
33.63
33.50
33.38
33.25
33.13
33.00
32.94
32.81
32.69
32.63
32.56
32.44
32.31
32.31
32.19
32.06
31.94
31.81
31.94
32.13
32.31
32.50
32.75
32.88
33.00
33.13
33.25
33.38
33.50
33.56
33.63
33.75
33.81
33.88
33.94
34.00
34.06
34.19
34.13
34.13
34.13
34.19
34.25
34.31
34.38
34.44
34.44
34.50
34.56
34.56
34.63
34.69
34.69
34.75
34.81
34.81
34.88
34.88
34.94
34.94
34.94
35.00
35.00
35.00
35.00
35.06
35.06
35.06
35.06
35.13
35.13
35.13
35.13
35.13
35.13
35.19
35.19
35.19
35.19
35.19
35.19
35.19
35.19
35.25
35.25
35.25
35.25
35.31
35.31
35.31
35.38
35.38
35.44
35.50
35.50
35.56
35.63
35.63
35.69
35.69
35.75
35.75
35.75
35.81
35.81
35.88
35.88
35.88
35.94
36.00
36.06
36.06
36.13
36.19
36.19
36.25
36.25
36.25
36.25
36.25
36.25
36.19
36.19
36.19
36.25
36.38
36.38
36.38
36.38
36.38
36.38
36.44
36.38
36.44
36.44
36.44
36.44
36.38
36.31
36.50
36.81
36.56
36.31
36.06
35.88
35.75
35.63
35.56
35.50
36.13
36.75
37.13
37.31
37.56
37.69
37.69
37.69
37.63
37.38
37.13
36.94
36.81
36.69
36.56
36.44
36.31
36.25
36.13
35.94
35.88
35.81
35.69
35.56
35.44
35.50
35.44
35.31
35.31
35.25
35.25
35.25
35.38
35.50
35.38
35.31
35.31
35.19
35.06
35.06
35.00
34.94
34.94
35.19
35.13
34.94
34.88
34.81
34.69
34.63
34.56
34.50
34.25
33.81
33.38
32.94
32.56
32.25
31.87
31.62
31.37
31.31
31.56
31.37
31.19
31.12
31.06
31.31
31.00
30.81
30.69
30.62
30.56
30.44
30.37
30.31
30.25
30.19
30.31
30.44
30.31
30.56
30.81
31.06
31.50
31.87
32.13
32.38
32.56
32.69
32.81
33.00
33.19
33.38
33.50
33.63
33.75
33.88
33.94
34.06
34.13
34.25
34.31
34.38
34.38
34.44
34.56
34.63
34.69
34.69
34.75
34.81
34.88
34.94
35.06
35.19
35.25
35.25
35.25
35.25
35.25
35.25
35.25
35.25
35.31
35.31
35.31
35.38
35.38
35.38
35.44
35.44
35.44
35.50
35.56
35.69
35.75
35.94
36.00
36.00
36.00
36.06
36.13
36.13
36.13
36.13
36.19
36.25
36.25
36.31
36.31
36.38
36.38
36.38
36.38
36.19
36.31
36.44
36.50
36.56
36.50
36.56
36.56
36.63
36.63
36.63
36.63
36.63
36.63
36.63
36.63
36.75
36.94
37.00
37.06
36.88
36.88
37.06
37.38
37.56
37.69
37.81
37.88
38.00
38.06
38.13
38.19
38.25
38.25
38.25
38.25
38.31
38.25
38.19
38.13
38.13
38.06
38.06
38.06
38.00
37.94
37.94
37.88
37.88
37.88
37.88
37.81
37.81
37.75
37.69
37.63
37.63
37.56
37.56
37.50
37.44
37.44
37.38
37.31
37.25
37.19
37.19
37.13
37.06
37.06
37.06
37.06
37.06
37.06
37.06
37.06
37.06
37.06
37.06
37.13
37.13
37.13
37.13
37.13
37.13
37.13
37.06
37.13
37.19
37.13
37.06
36.94
36.75
36.63
36.50
36.38
36.19
36.06
35.94
35.81
35.63
35.50
35.38
35.19
34.88
34.44
34.06
33.69
33.38
33.06
32.81
32.56
32.38
32.25
32.06
31.94
31.81
31.81
31.81
31.75
31.69
31.69
31.75
31.81
31.87
31.87
31.94
31.94
32.00
32.00
32.06
32.13
32.19
32.25
32.25
32.25
32.25
32.25
32.25
32.25
32.31
32.31
32.31
32.31
32.38
32.38
32.44
32.38
32.44
32.44
32.44
32.44
32.44
32.44
32.50
32.50
32.50
32.50
32.50
32.50
32.50
32.50
32.50
-127.00
32.50
32.56
32.56
32.50
32.56
32.56
26.62
26.69
26.94
