



























































SERIAL PORT INITIALIZED
TEMPERATURE SENSORS INITIALIZED
RELAY PINS INITIALIZED
BOOT COMPLETE

ERROR: BAD ROOM THERMOMETER!FLOOR temperature: 31.75ºC
ROOM temperature: -127.00ºC
AVERAGE temperature: 31.75ºC
Target temperature: 34ºC - Heating ON

ERROR: BAD ROOM THERMOMETER!FLOOR temperature: 31.75ºC
ROOM temperature: -127.00ºC
AVERAGE temperature: 31.75ºC
Target temperature: 34ºC - Heating ON

ERROR: BAD ROOM THERMOMETER!FLOOR temperature: 31.75ºC
ROOM temperature: -127.00ºC
AVERAGE temperature: 31.75ºC
Target temperature: 34ºC - Heating ON

ERROR: BAD ROOM THERMOMETER!FLOOR temperature: 31.75ºC
ROOM temperature: -127.00ºC
AVERAGE temperature: 31.75ºC
Target temperature: 34ºC - Heating ON

ERROR: BAD ROOM THERMOMETER!FLOOR temperature: 31.75ºC
ROOM temperature: -127.00ºC
AVERAGE temperature: 31.75ºC
Target temperature: 34ºC - Heating ON

ERROR: BAD ROOM THERMOMETER!FLOOR temperature: 31.75ºC
ROOM temperature: -127.00ºC
AVERAGE temperature: 31.75ºC
Target temperature: 34ºC - Heating ON

ERROR: BAD ROOM THERMOMETER!FLOOR temperature: 31.75ºC
ROOM temperature: -127.00ºC
AVERAGE temperature: 31.75ºC
Target temperature: 34ºC - Heating ON

ERROR: BAD ROOM THERMOMETER!FLOOR temperature: 31.75ºC
ROOM temperature: -127.00ºC
AVERAGE temperature: 31.75ºC
Target temperature: 34ºC - Heating ON

ERROR: BAD ROOM THERMOMETER!FLOOR temperature: 31.75ºC
ROOM temperature: -127.00ºC
AVERAGE temperature: 31.75ºC
Target temperature: 34ºC - Heating ON

ERROR: BAD ROOM THERMOMETER!FLOOR temperature: 31.75ºC
ROOM temperature: -127.00ºC
AVERAGE temperature: 31.75ºC
Target temperature: 34ºC - Heating ON

