e: -127.00ºC
AVERAGE temperature: 31.37ºC
TARGET temperature: 34ºC - Heating ON





























































SERIAL PORT INITIALIZED
TEMPERATURE SENSORS INITIALIZED
RELAY PINS INITIALIZED
BOOT COMPLETE

ERROR: CHECK ROOM THERMOMETER!
FLOOR temperature: 31.37ºC
ROOM temperature: -127.00ºC
AVERAGE temperature: 31.37ºC
TARGET temperature: 34ºC - Heating ON

ERROR: CHECK ROOM THERMOMETER!
FLOOR temperature: 31.37ºC
ROOM temperature: -127.00ºC
AVERAGE temperature: 31.37ºC
TARGET temperature: 34ºC - Heating ON

ERROR: CHECK ROOM THERMOMETER!
FLOOR temperature: 31.50ºC
ROOM temperature: -127.00ºC
AVERAGE temperature: 31.50ºC
TARGET temperature: 34ºC - Heating ON

ERROR: CHECK ROOM THERMOMETER!
FLOOR temperature: 31.56ºC
ROOM temperature: -127.00ºC
AVERAGE temperature: 31.56ºC
TARGET temperature: 34ºC - Heating ON

ERROR: CHECK ROOM THERMOMETER!
FLOOR temperature: 32.25ºC
ROOM temperature: -127.00ºC
AVERAGE temperature: 32.25ºC
TARGET temperature: 34ºC - Heating ON

ERROR: CHECK ROOM THERMOMETER!
FLOOR temperature: 33.56ºC
ROOM temperature: -127.00ºC
AVERAGE temperature: 33.56ºC
TARGET temperature: 34ºC - Heating ON

ERROR: CHECK ROOM THERMOMETER!
FLOOR temperature: 33.94ºC
ROOM temperature: -127.00ºC
AVERAGE temperature: 33.94ºC
TARGET temperature: 34ºC - Heating ON

ERROR: CHECK ROOM THERMOMETER!
FLOOR temperature: 34.25ºC
ROOM temperature: -127.00ºC
AVERAGE temperature: 34.25ºC
TARGET temperature: 34ºC - Heating OFF

ERROR: CHECK ROOM THERMOMETER!
FLOOR temperature: 34.13ºC
ROOM temperature: -127.00ºC
AVERAGE temperature: 34.13ºC
TARGET temperature: 34ºC - Heating OFF

ERROR: CHECK ROOM THERMOMETER!
FLOOR temperature: 34.13ºC
ROOM temperature: -127.00ºC
AVERAGE temperature: 34.13ºC
TARGET temperature: 34ºC - Heating OFF

ERROR: CHECK ROOM THERMOMETER!
FLOOR temperature: 34.06ºC
ROOM temperature: -127.00ºC
AVERAGE temperature: 34.06ºC
TARGET temperature: 34ºC - Heating OFF

ERROR: CHECK ROOM THERMOMETER!
FLOOR temperature: 34.00ºC
ROOM temperature: -127.00ºC
AVERAGE temperature: 34.00ºC
TARGET temperature: 34ºC - Heating OFF

ERROR: CHECK ROOM THERMOMETER!
FLOOR temperature: 34.00ºC
ROOM temperature: -127.00ºC
AVERAGE temperature: 34.00ºC
TARGET temperature: 34ºC - Heating OFF

ERROR: CHECK ROOM THERMOMETER!
FLOOR temperature: 34.00ºC
ROOM temperature: -127.00ºC
AVERAGE temperature: 34.00ºC
TARGET temperature: 34ºC - Heating OFF

ERROR: CHECK ROOM THERMOMETER!
FLOOR temperature: 34.06ºC
ROOM temperature: -127.00ºC
AVERAGE temperature: 34.06ºC
TARGET temperature: 34ºC - Heating OFF

ERROR: CHECK ROOM THERMOMETER!
FLOOR temperature: 34.06ºC
ROOM temperature: -127.00ºC
AVERAGE temperature: 34.06ºC
TARGET temperature: 34ºC - Heating OFF

ERROR: CHECK ROOM THERMOMETER!
FLOOR temperature: 34.13ºC
ROOM temperature: -127.00ºC
AVERAGE temperature: 34.13ºC
TARGET temperature: 34ºC - Heating OFF

ERROR: CHECK ROOM THERMOMETER!
FLOOR temperature: 34.06ºC
ROOM temperature: -127.00ºC
AVERAGE temperature: 34.06ºC
TARGET temperature: 34ºC - Heating OFF

ERROR: CHECK ROOM THERMOMETER!
FLOOR temperature: 34.06ºC
ROOM temperature: -127.00ºC
AVERAGE temperature: 34.06ºC
TARGET temperature: 34ºC - Heating OFF

ERROR: CHECK ROOM THERMOMETER!
FLOOR temperature: 33.88ºC
ROOM temperature: -127.00ºC
AVERAGE temperature: 33.88ºC
TARGET temperature: 34ºC - Heating ON

ERROR: CHECK ROOM THERMOMETER!
FLOOR temperature: 33.75ºC
ROOM temperature: -127.00ºC
AVERAGE temperature: 33.75ºC
TARGET temperature: 34ºC - Heating ON

ERROR: CHECK ROOM THERMOMETER!
FLOOR temperature: 33.56ºC
ROOM temperature: -127.00ºC
AVERAGE temperature: 33.56ºC
TARGET temperature: 34ºC - Heating ON

ERROR: CHECK ROOM THERMOMETER!
FLOOR temperature: 33.44ºC
ROOM temperature: -127.00ºC
AVERAGE temperature: 33.44ºC
TARGET temperature: 34ºC - Heating ON

ERROR: CHECK ROOM THERMOMETER!
FLOOR temperature: 33.31ºC
ROOM temperature: -127.00ºC
AVERAGE temperature: 33.31ºC
TARGET temperature: 34ºC - Heating ON

ERROR: CHECK ROOM THERMOMETER!
FLOOR temperature: 33.19ºC
ROOM temperature: -127.00ºC
AVERAGE temperature: 33.19ºC
TARGET temperature: 34ºC - Heating ON

ERROR: CHECK ROOM THERMOMETER!
FLOOR temperature: 33.06ºC
ROOM temperature: -127.00ºC
AVERAGE temperature: 33.06ºC
TARGET temperature: 34ºC - Heating ON

ERROR: CHECK ROOM THERMOMETER!
FLOOR temperature: 33.00ºC
ROOM temperature: -127.00ºC
AVERAGE temperature: 33.00ºC
TARGET temperature: 34ºC - Heating ON

ERROR: CHECK ROOM THERMOMETER!
FLOOR temperature: 32.94ºC
ROOM temperature: -127.00ºC
AVERAGE temperature: 32.94ºC
TARGET temperature: 34ºC - Heating ON

ERROR: CHECK ROOM THERMOMETER!
FLOOR temperature: 32.88ºC
ROOM temperature: -127.00ºC
AVERAGE temperature: 32.88ºC
TARGET temperature: 34ºC - Heating ON

ERROR: CHECK ROOM THERMOMETER!
FLOOR temperature: 32.81ºC
ROOM temperature: -127.00ºC
AVERAGE temperature: 32.81ºC
TARGET temperature: 34ºC - Heating ON

ERROR: CHECK ROOM THERMOMETER!
FLOOR temperature: 32.75ºC
ROOM temperature: -127.00ºC
AVERAGE temperature: 32.75ºC
TARGET temperature: 34ºC - Heating ON

ERROR: CHECK ROOM THERMOMETER!
FLOOR temperature: 32.75ºC
ROOM temperature: -127.00ºC
AVERAGE temperature: 32.75ºC
TARGET temperature: 34ºC - Heating ON

ERROR: CHECK ROOM THERMOMETER!
FLOOR temperature: 32.69ºC
ROOM temperature: -127.00ºC
AVERAGE temperature: 32.69ºC
TARGET temperature: 34ºC - Heating ON

ERROR: CHECK ROOM THERMOMETER!
FLOOR temperature: 32.69ºC
ROOM temperature: -127.00ºC
AVERAGE temperature: 32.69ºC
TARGET temperature: 34ºC - Heating ON

ERROR: CHECK ROOM THERMOMETER!
FLOOR temperature: 32.63ºC
ROOM temperature: -127.00ºC
AVERAGE temperature: 32.63ºC
TARGET temperature: 34ºC - Heating ON

ERROR: CHECK ROOM THERMOMETER!
FLOOR temperature: 32.69ºC
ROOM temperature: -127.00ºC
AVERAGE temperature: 32.69ºC
TARGET temperature: 34ºC - Heating ON

ERROR: CHECK ROOM THERMOMETER!
FLOOR temperature: 35.56ºC
ROOM temperature: -127.00ºC
AVERAGE temperature: 35.56ºC
TARGET temperature: 34ºC - Heating OFF

ERROR: CHECK ROOM THERMOMETER!
FLOOR temperature: 36.44ºC
ROOM temperature: -127.00ºC
AVERAGE temperature: 36.44ºC
TARGET temperature: 34ºC - Heating OFF

ERROR: CHECK ROOM THERMOMETER!
FLOOR temperature: 36.94ºC
ROOM temperature: -127.00ºC
AVERAGE temperature: 36.94ºC
TARGET temperature: 34ºC - Heating OFF

ERROR: CHECK ROOM THERMOMETER!
FLOOR temperature: 37.38ºC
ROOM temperature: -127.00ºC
AVERAGE temperature: 37.38ºC
TARGET temperature: 34ºC - Heating OFF

ERROR: CHECK ROOM THERMOMETER!
FLOOR temperature: 37.69ºC
ROOM temperature: -127.00ºC
AVERAGE temperature: 37.69ºC
TARGET temperature: 34ºC - Heating OFF

ERROR: CHECK ROOM THERMOMETER!
FLOOR temperature: 38.00ºC
ROOM temperature: -127.00ºC
AVERAGE temperature: 38.00ºC
TARGET temperature: 34ºC - Heating OFF

ERROR: CHECK ROOM THERMOMETER!
FLOOR temperature: 38.25ºC
ROOM temperature: -127.00ºC
AVERAGE temperature: 38.25ºC
TARGET temperature: 34ºC - Heating OFF

ERROR: CHECK ROOM THERMOMETER!
FLOOR temperature: 38.44ºC
ROOM temperature: -127.00ºC
AVERAGE temperature: 38.44ºC
TARGET temperature: 34ºC - Heating OFF

ERROR: CHECK ROOM THERMOMETER!
FLOOR temperature: 38.56ºC
ROOM temperature: -127.00ºC
AVERAGE temperature: 38.56ºC
TARGET temperature: 34ºC - Heating OFF

ERROR: CHECK ROOM THERMOMETER!
FLOOR temperature: 38.69ºC
ROOM temperature: -127.00ºC
AVERAGE temperature: 38.69ºC
TARGET temperature: 34ºC - Heating OFF

ERROR: CHECK ROOM THERMOMETER!
FLOOR temperature: 38.81ºC
ROOM temperature: -127.00ºC
AVERAGE temperature: 38.81ºC
TARGET temperature: 34ºC - Heating OFF

ERROR: CHECK ROOM THERMOMETER!
FLOOR temperature: 38.88ºC
ROOM temperature: -127.00ºC
AVERAGE temperature: 38.88ºC
TARGET temperature: 34ºC - Heating OFF

ERROR: CHECK ROOM THERMOMETER!
FLOOR temperature: 38.94ºC
ROOM temperature: -127.00ºC
AVERAGE temperature: 38.94ºC
TARGET temperature: 34ºC - Heating OFF

ERROR: CHECK ROOM THERMOMETER!
FLOOR temperature: 39.00ºC
ROOM temperature: -127.00ºC
AVERAGE temperature: 39.00ºC
TARGET temperature: 34ºC - Heating OFF

ERROR: CHECK ROOM THERMOMETER!
FLOOR temperature: 39.06ºC
ROOM temperature: -127.00ºC
AVERAGE temperature: 39.06ºC
TARGET temperature: 34ºC - Heating OFF

ERROR: CHECK ROOM THERMOMETER!
FLOOR temperature: 39.06ºC
ROOM temperature: -127.00ºC
AVERAGE temperature: 39.06ºC
TARGET temperature: 34ºC - Heating OFF

ERROR: CHECK ROOM THERMOMETER!
FLOOR temperature: 39.13ºC
ROOM temperature: -127.00ºC
AVERAGE temperature: 39.13ºC
TARGET temperature: 34ºC - Heating OFF

ERROR: CHECK ROOM THERMOMETER!
FLOOR temperature: 39.19ºC
ROOM temperature: -127.00ºC
AVERAGE temperature: 39.19ºC
TARGET temperature: 34ºC - Heating OFF

ERROR: CHECK ROOM THERMOMETER!
FLOOR temperature: 39.19ºC
ROOM temperature: -127.00ºC
AVERAGE temperature: 39.19ºC
TARGET temperature: 34ºC - Heating OFF

ERROR: CHECK ROOM THERMOMETER!
FLOOR temperature: 39.25ºC
ROOM temperature: -127.00ºC
AVERAGE temperature: 39.25ºC
TARGET temperature: 34ºC - Heating OFF

ERROR: CHECK ROOM THERMOMETER!
FLOOR temperature: 39.25ºC
ROOM temperature: -127.00ºC
AVERAGE temperature: 39.25ºC
TARGET temperature: 34ºC - Heating OFF

ERROR: CHECK ROOM THERMOMETER!
FLOOR temperature: 39.31ºC
ROOM temperature: -127.00ºC
AVERAGE temperature: 39.31ºC
TARGET temperature: 34ºC - Heating OFF

ERROR: CHECK ROOM THERMOMETER!
FLOOR temperature: 39.31ºC
ROOM temperature: -127.00ºC
AVERAGE temperature: 39.31ºC
TARGET temperature: 34ºC - Heating OFF

ERROR: CHECK ROOM THERMOMETER!
FLOOR temperature: 39.38ºC
ROOM temperature: -127.00ºC
AVERAGE temperature: 39.38ºC
TARGET temperature: 34ºC - Heating OFF

ERROR: CHECK ROOM THERMOMETER!
FLOOR temperature: 39.38ºC
ROOM temperature: -127.00ºC
AVERAGE temperature: 39.38ºC
TARGET temperature: 34ºC - Heating OFF

ERROR: CHECK ROOM THERMOMETER!
FLOOR temperature: 39.38ºC
ROOM temperature: -127.00ºC
AVERAGE temperature: 39.38ºC
TARGET temperature: 34ºC - Heating OFF

ERROR: CHECK ROOM THERMOMETER!
FLOOR temperature: 39.44ºC
ROOM temperature: -127.00ºC
AVERAGE temperature: 39.44ºC
TARGET temperature: 34ºC - Heating OFF

ERROR: CHECK ROOM THERMOMETER!
FLOOR temperature: 39.44ºC
ROOM temperature: -127.00ºC
AVERAGE temperature: 39.44ºC
TARGET temperature: 34ºC - Heating OFF

ERROR: CHECK ROOM THERMOMETER!
FLOOR temperature: 39.44ºC
ROOM temperature: -127.00ºC
AVERAGE temperature: 39.44ºC
TARGET temperature: 34ºC - Heating OFF

ERROR: CHECK ROOM THERMOMETER!
FLOOR temperature: 39.50ºC
ROOM temperature: -127.00ºC
AVERAGE temperature: 39.50ºC
TARGET temperature: 34ºC - Heating OFF

ERROR: CHECK ROOM THERMOMETER!
FLOOR temperature: 39.50ºC
ROOM temperature: -127.00ºC
AVERAGE temperature: 39.50ºC
TARGET temperature: 34ºC - Heating OFF

ERROR: CHECK ROOM THERMOMETER!
FLOOR temperature: 39.50ºC
ROOM temperature: -127.00ºC
AVERAGE temperature: 39.50ºC
TARGET temperature: 34ºC - Heating OFF

ERROR: CHECK ROOM THERMOMETER!
FLOOR temperature: 39.56ºC
ROOM temperature: -127.00ºC
AVERAGE temperature: 39.56ºC
TARGET temperature: 34ºC - Heating OFF

ERROR: CHECK ROOM THERMOMETER!
FLOOR temperature: 39.56ºC
ROOM temperature: -127.00ºC
AVERAGE temperature: 39.56ºC
TARGET temperature: 34ºC - Heating OFF

ERROR: CHECK ROOM THERMOMETER!
FLOOR temperature: 39.56ºC
ROOM temperature: -127.00ºC
AVERAGE temperature: 39.56ºC
TARGET temperature: 34ºC - Heating OFF

ERROR: CHECK ROOM THERMOMETER!
FLOOR temperature: 39.63ºC
ROOM temperature: -127.00ºC
AVERAGE temperature: 39.63ºC
TARGET temperature: 34ºC - Heating OFF

ERROR: CHECK ROOM THERMOMETER!
FLOOR temperature: 39.63ºC
ROOM temperature: -127.00ºC
AVERAGE temperature: 39.63ºC
TARGET temperature: 34ºC - Heating OFF

ERROR: CHECK ROOM THERMOMETER!
FLOOR temperature: 39.63ºC
ROOM temperature: -127.00ºC
AVERAGE temperature: 39.63ºC
TARGET temperature: 34ºC - Heating OFF

ERROR: CHECK ROOM THERMOMETER!
FLOOR temperature: 39.63ºC
ROOM temperature: -127.00ºC
AVERAGE temperature: 39.63ºC
TARGET temperature: 34ºC - Heating OFF

ERROR: CHECK ROOM THERMOMETER!
FLOOR temperature: 39.69ºC
ROOM temperature: -127.00ºC
AVERAGE temperature: 39.69ºC
TARGET temperature: 34ºC - Heating OFF

ERROR: CHECK ROOM THERMOMETER!
FLOOR temperature: 39.69ºC
ROOM temperature: -127.00ºC
AVERAGE temperature: 39.69ºC
TARGET temperature: 34ºC - Heating OFF

ERROR: CHECK ROOM THERMOMETER!
FLOOR temperature: 39.69ºC
ROOM temperature: -127.00ºC
AVERAGE temperature: 39.69ºC
TARGET temperature: 34ºC - Heating OFF

ERROR: CHECK ROOM THERMOMETER!
FLOOR temperature: 39.69ºC
ROOM temperature: -127.00ºC
AVERAGE temperature: 39.69ºC
TARGET temperature: 34ºC - Heating OFF

ERROR: CHECK ROOM THERMOMETER!
FLOOR temperature: 39.69ºC
ROOM temperature: -127.00ºC
AVERAGE temperature: 39.69ºC
TARGET temperature: 34ºC - Heating OFF

ERROR: CHECK ROOM THERMOMETER!
FLOOR temperature: 39.75ºC
ROOM temperature: -127.00ºC
AVERAGE temperature: 39.75ºC
TARGET temperature: 34ºC - Heating OFF

ERROR: CHECK ROOM THERMOMETER!
FLOOR temperature: 39.75ºC
ROOM temperature: -127.00ºC
AVERAGE temperature: 39.75ºC
TARGET temperature: 34ºC - Heating OFF

ERROR: CHECK ROOM THERMOMETER!
FLOOR temperature: 39.75ºC
ROOM temperature: -127.00ºC
AVERAGE temperature: 39.75ºC
TARGET temperature: 34ºC - Heating OFF

ERROR: CHECK ROOM THERMOMETER!
FLOOR temperature: 39.75ºC
ROOM temperature: -127.00ºC
AVERAGE temperature: 39.75ºC
TARGET temperature: 34ºC - Heating OFF

ERROR: CHECK ROOM THERMOMETER!
FLOOR temperature: 39.75ºC
ROOM temperature: -127.00ºC
AVERAGE temperature: 39.75ºC
TARGET temperature: 34ºC - Heating OFF

ERROR: CHECK ROOM THERMOMETER!
FLOOR temperature: 39.75ºC
ROOM temperature: -127.00ºC
AVERAGE temperature: 39.75ºC
TARGET temperature: 34ºC - Heating OFF

ERROR: CHECK ROOM THERMOMETER!
FLOOR temperature: 39.81ºC
ROOM temperature: -127.00ºC
AVERAGE temperature: 39.81ºC
TARGET temperature: 34ºC - Heating OFF

ERROR: CHECK ROOM THERMOMETER!
FLOOR temperature: 39.81ºC
ROOM temperature: -127.00ºC
AVERAGE temperature: 39.81ºC
TARGET temperature: 34ºC - Heating OFF

ERROR: CHECK ROOM THERMOMETER!
FLOOR temperature: 39.81ºC
ROOM temperature: -127.00ºC
AVERAGE temperature: 39.81ºC
TARGET temperature: 34ºC - Heating OFF

ERROR: CHECK ROOM THERMOMETER!
FLOOR temperature: 39.81ºC
ROOM temperature: -127.00ºC
AVERAGE temperature: 39.81ºC
TARGET temperature: 34ºC - Heating OFF

ERROR: CHECK ROOM THERMOMETER!
FLOOR temperature: 39.81ºC
ROOM temperature: -127.00ºC
AVERAGE temperature: 39.81ºC
TARGET temperature: 34ºC - Heating OFF

ERROR: CHECK ROOM THERMOMETER!
FLOOR temperature: 39.81ºC
ROOM temperature: -127.00ºC
AVERAGE temperature: 39.81ºC
TARGET temperature: 34ºC - Heating OFF

ERROR: CHECK ROOM THERMOMETER!
FLOOR temperature: 39.81ºC
ROOM temperature: -127.00ºC
AVERAGE temperature: 39.81ºC
TARGET temperature: 34ºC - Heating OFF

ERROR: CHECK ROOM THERMOMETER!
FLOOR temperature: 39.81ºC
ROOM temperature: -127.00ºC
AVERAGE temperature: 39.81ºC
TARGET temperature: 34ºC - Heating OFF

ERROR: CHECK ROOM THERMOMETER!
FLOOR temperature: 39.81ºC
ROOM temperature: -127.00ºC
AVERAGE temperature: 39.81ºC
TARGET temperature: 34ºC - Heating OFF

ERROR: CHECK ROOM THERMOMETER!
FLOOR temperature: 39.81ºC
ROOM temperature: -127.00ºC
AVERAGE temperature: 39.81ºC
TARGET temperature: 34ºC - Heating OFF

ERROR: CHECK ROOM THERMOMETER!
FLOOR temperature: 39.81ºC
ROOM temperature: -127.00ºC
AVERAGE temperature: 39.81ºC
TARGET temperature: 34ºC - Heating OFF

ERROR: CHECK ROOM THERMOMETER!
FLOOR temperature: 39.81ºC
ROOM temperature: -127.00ºC
AVERAGE temperature: 39.81ºC
TARGET temperature: 34ºC - Heating OFF

ERROR: CHECK ROOM THERMOMETER!
FLOOR temperature: 39.81ºC
ROOM temperature: -127.00ºC
AVERAGE temperature: 39.81ºC
TARGET temperature: 34ºC - Heating OFF

ERROR: CHECK ROOM THERMOMETER!
FLOOR temperature: 39.81ºC
ROOM temperature: -127.00ºC
AVERAGE temperature: 39.81ºC
TARGET temperature: 34ºC - Heating OFF

ERROR: CHECK ROOM THERMOMETER!
FLOOR temperature: 39.81ºC
ROOM temperature: -127.00ºC
AVERAGE temperature: 39.81ºC
TARGET temperature: 34ºC - Heating OFF

ERROR: CHECK ROOM THERMOMETER!
FLOOR temperature: 39.81ºC
ROOM temperature: -127.00ºC
AVERAGE temperature: 39.81ºC
TARGET temperature: 34ºC - Heating OFF

ERROR: CHECK ROOM THERMOMETER!
FLOOR temperature: 39.81ºC
ROOM temperature: -127.00ºC
AVERAGE temperature: 39.81ºC
TARGET temperature: 34ºC - Heating OFF

ERROR: CHECK ROOM THERMOMETER!
FLOOR temperature: 39.81ºC
ROOM temperature: -127.00ºC
AVERAGE temperature: 39.81ºC
TARGET temperature: 34ºC - Heating OFF

ERROR: CHECK ROOM THERMOMETER!
FLOOR temperature: 39.88ºC
ROOM temperature: -127.00ºC
AVERAGE temperature: 39.88ºC
TARGET temperature: 34ºC - Heating OFF

ERROR: CHECK ROOM THERMOMETER!
FLOOR temperature: 39.81ºC
ROOM temperature: -127.00ºC
AVERAGE temperature: 39.81ºC
TARGET temperature: 34ºC - Heating OFF

ERROR: CHECK ROOM THERMOMETER!
FLOOR temperature: 39.81ºC
ROOM temperature: -127.00ºC
AVERAGE temperature: 39.81ºC
TARGET temperature: 34ºC - Heating OFF

ERROR: CHECK ROOM THERMOMETER!
FLOOR temperature: 39.81ºC
ROOM temperature: -127.00ºC
AVERAGE temperature: 39.81ºC
TARGET temperature: 34ºC - Heating OFF

ERROR: CHECK ROOM THERMOMETER!
FLOOR temperature: 39.81ºC
ROOM temperature: -127.00ºC
AVERAGE temperature: 39.81ºC
TARGET temperature: 34ºC - Heating OFF

ERROR: CHECK ROOM THERMOMETER!
FLOOR temperature: 39.81ºC
ROOM temperature: -127.00ºC
AVERAGE temperature: 39.81ºC
TARGET temperature: 34ºC - Heating OFF

ERROR: CHECK ROOM THERMOMETER!
FLOOR temperature: 39.81ºC
ROOM temperature: -127.00ºC
AVERAGE temperature: 39.81ºC
TARGET temperature: 34ºC - Heating OFF

ERROR: CHECK ROOM THERMOMETER!
FLOOR temperature: 39.81ºC
ROOM temperature: -127.00ºC
AVERAGE temperature: 39.81ºC
TARGET temperature: 34ºC - Heating OFF

ERROR: CHECK ROOM THERMOMETER!
FLOOR temperature: 39.81ºC
ROOM temperature: -127.00ºC
AVERAGE temperature: 39.81ºC
TARGET temperature: 34ºC - Heating OFF

ERROR: CHECK ROOM THERMOMETER!
FLOOR temperature: 39.81ºC
ROOM temperature: -127.00ºC
AVERAGE temperature: 39.81ºC
TARGET temperature: 34ºC - Heating OFF

ERROR: CHECK ROOM THERMOMETER!
FLOOR temperature: 39.81ºC
ROOM temperature: -127.00ºC
AVERAGE temperature: 39.81ºC
TARGET temperature: 34ºC - Heating OFF

ERROR: CHECK ROOM THERMOMETER!
FLOOR temperature: 39.81ºC
ROOM temperature: -127.00ºC
AVERAGE temperature: 39.81ºC
TARGET temperature: 34ºC - Heating OFF

ERROR: CHECK ROOM THERMOMETER!
FLOOR temperature: 39.81ºC
ROOM temperature: -127.00ºC
AVERAGE temperature: 39.81ºC
TARGET temperature: 34ºC - Heating OFF

ERROR: CHECK ROOM THERMOMETER!
FLOOR temperature: 39.81ºC
ROOM temperature: -127.00ºC
AVERAGE temperature: 39.81ºC
TARGET temperature: 34ºC - Heating OFF

ERROR: CHECK ROOM THERMOMETER!
FLOOR temperature: 39.81ºC
ROOM temperature: -127.00ºC
AVERAGE temperature: 39.81ºC
TARGET temperature: 34ºC - Heating OFF

ERROR: CHECK ROOM THERMOMETER!
FLOOR temperature: 39.81ºC
ROOM temperature: -127.00ºC
AVERAGE temperature: 39.81ºC
TARGET temperature: 34ºC - Heating OFF

ERROR: CHECK ROOM THERMOMETER!
FLOOR temperature: 39.25ºC
ROOM temperature: -127.00ºC
AVERAGE temperature: 39.25ºC
TARGET temperature: 34ºC - Heating OFF

ERROR: CHECK ROOM THERMOMETER!
FLOOR temperature: 38.94ºC
ROOM temperature: -127.00ºC
AVERAGE temperature: 38.94ºC
TARGET temperature: 34ºC - Heating OFF

ERROR: CHECK ROOM THERMOMETER!
FLOOR temperature: 38.75ºC
ROOM temperature: -127.00ºC
AVERAGE temperature: 38.75ºC
TARGET temperature: 34ºC - Heating OFF

ERROR: CHECK ROOM THERMOMETER!
FLOOR temperature: 38.63ºC
ROOM temperature: -127.00ºC
AVERAGE temperature: 38.63ºC
TARGET temperature: 34ºC - Heating OFF

ERROR: CHECK ROOM THERMOMETER!
FLOOR temperature: 38.31ºC
ROOM temperature: -127.00ºC
AVERAGE temperature: 38.31ºC
TARGET temperature: 34ºC - Heating OFF

ERROR: CHECK ROOM THERMOMETER!
FLOOR temperature: 38.19ºC
ROOM temperature: -127.00ºC
AVERAGE temperature: 38.19ºC
TARGET temperature: 34ºC - Heating OFF

